2025-06-14 15:45:29,990 - qiki - INFO - Central QIKI Logger initialized to level INFO. Log file: logs/qiki_20250614_154529.log
2025-06-14 15:45:29,990 - qiki.physics - INFO - SciPy Rotation available. Full rotational physics enabled.
2025-06-14 15:45:30,017 - qiki.main - INFO - Initializing QIKI Simulation...
2025-06-14 15:45:30,017 - qiki.structural_sensors - INFO - StructuralSensors initialized.
2025-06-14 15:45:30,018 - qiki.frame_core - INFO - FrameCore 'QIKI_FrameCore' initialized with base mass 5.00 kg.
2025-06-14 15:45:30,018 - qiki.power_sensors - INFO - PowerSensors initialized.
2025-06-14 15:45:30,018 - qiki.power_systems - INFO - QIKI_PowerSystems initialized. Main Battery: 10000.0Wh, Reserve Battery: 2000.0Wh.
2025-06-14 15:45:30,018 - qiki.thermal_system - INFO - QIKI_ThermalSystem initialized. Initial Core Temp: 20.0°C, Initial Radiator Temp: 10.0°C.
2025-06-14 15:45:30,019 - qiki.physics.QIKI_Physics - INFO - PhysicsObject 'QIKI_Physics' initialized with mass 43.0 kg, inertia 1.0 kg*m^2
2025-06-14 15:45:30,019 - qiki.agent - INFO - Async Agent initialized with event system and command queue
2025-06-14 15:45:30,019 - qiki.sensors - INFO - Async Sensors initialized with all subsystems
2025-06-14 15:45:30,019 - qiki.environment - INFO - Async Environment initialized with gravity [0.0, 0.0, -9.81] and bounds {'x': (-100.0, 100.0), 'y': (-100.0, 100.0), 'z': (-100.0, 100.0)}, bot radius 0.5m.
2025-06-14 15:45:30,020 - qiki.bot_interface - INFO - BotInterface initialized.
2025-06-14 15:45:30,020 - qiki.qik_os.kernel - INFO - QikOS Kernel initialized.
2025-06-14 15:45:30,020 - qiki.qik_os.shell - INFO - QikOS Shell initialized.
2025-06-14 15:45:30,020 - qiki.qik_os - INFO - QikOS initialized.
2025-06-14 15:45:30,020 - qiki.display_manager - INFO - DisplayManager initialized in STANDARD mode
2025-06-14 15:45:30,020 - qiki.qiki_display_adapter - INFO - QikiDisplayAdapter initialized
2025-06-14 15:45:30,021 - qiki.main - INFO - QikiDisplayAdapter initialized.
2025-06-14 15:45:30,021 - qiki.bot_controller - INFO - BotController initialized
2025-06-14 15:45:30,021 - qiki.qiki_bot_control - INFO - QikiBotControlIntegration initialized
2025-06-14 15:45:30,021 - qiki.main - INFO - QikiBotControlIntegration initialized.
2025-06-14 15:45:30,022 - qiki.analyzer - INFO - Analyzer initialized. Session file: data/session_20250614_154530.json
2025-06-14 15:45:30,022 - qiki.main - INFO - QIKI Simulation initialized.
2025-06-14 15:45:30,022 - qiki.main - INFO - Starting QIKI Simulation main loop...
2025-06-14 15:45:30,023 - qiki.input_handler - INFO - Input handler started
2025-06-14 15:45:30,025 - qiki.display_manager - INFO - Display manager started
2025-06-14 15:45:30,026 - qiki.qiki_display_adapter - INFO - Display adapter started
2025-06-14 15:45:30,026 - qiki.bot_controller - INFO - Platform detected: Desktop
2025-06-14 15:45:30,026 - qiki.bot_controller - INFO - Added interface: TextInterface
2025-06-14 15:45:30,027 - qiki.bot_controller - INFO - Added interface: KeyboardInterface
2025-06-14 15:45:30,027 - qiki.text_interface - INFO - Text interface started
2025-06-14 15:45:30,030 - qiki.keyboard_interface - INFO - Keyboard interface started
2025-06-14 15:45:30,030 - qiki.bot_controller - INFO - BotController started with 2 active interfaces
2025-06-14 15:45:30,031 - qiki.qiki_bot_control - INFO - Bot control system started
2025-06-14 15:45:30,031 - qiki.main - INFO - Creating simulation tasks...
2025-06-14 15:45:30,031 - qiki.main - INFO - Waiting for 3 tasks to complete...
2025-06-14 15:45:30,031 - qiki.main - INFO - Entering main simulation loop...
2025-06-14 15:45:30,031 - qiki.main - INFO - Simulation time: 0.00s, dt: 0.00013s
2025-06-14 15:45:30,032 - qiki.agent - INFO - Starting agent control loop
2025-06-14 15:45:30,033 - qiki.main - INFO - Simulation time: 0.00s, dt: 0.00179s
2025-06-14 15:45:30,035 - qiki.main - INFO - Simulation time: 0.00s, dt: 0.00144s
2025-06-14 15:45:30,036 - qiki.main - INFO - Simulation time: 0.00s, dt: 0.00134s
2025-06-14 15:45:30,037 - qiki.main - INFO - Simulation time: 0.00s, dt: 0.00130s
2025-06-14 15:45:30,039 - qiki.main - INFO - Simulation time: 0.00s, dt: 0.00135s
2025-06-14 15:45:30,040 - qiki.main - INFO - Simulation time: 0.00s, dt: 0.00141s
2025-06-14 15:45:30,041 - qiki.main - INFO - Simulation time: 0.00s, dt: 0.00138s
2025-06-14 15:45:30,043 - qiki.main - INFO - Simulation time: 0.00s, dt: 0.00141s
2025-06-14 15:45:30,044 - qiki.main - INFO - Simulation time: 0.00s, dt: 0.00138s
2025-06-14 15:45:30,046 - qiki.main - INFO - Simulation time: 0.00s, dt: 0.00139s
2025-06-14 15:45:30,047 - qiki.main - INFO - Simulation time: 0.00s, dt: 0.00142s
2025-06-14 15:45:30,048 - qiki.main - INFO - Simulation time: 0.00s, dt: 0.00140s
2025-06-14 15:45:30,050 - qiki.main - INFO - Performed 1 physics updates
2025-06-14 15:45:30,051 - qiki.main - INFO - Simulation time: 0.02s, dt: 0.00264s
2025-06-14 15:45:30,053 - qiki.main - INFO - Simulation time: 0.02s, dt: 0.00142s
2025-06-14 15:45:30,054 - qiki.main - INFO - Simulation time: 0.02s, dt: 0.00134s
2025-06-14 15:45:30,055 - qiki.main - INFO - Simulation time: 0.02s, dt: 0.00130s
2025-06-14 15:45:30,057 - qiki.main - INFO - Simulation time: 0.02s, dt: 0.00135s
2025-06-14 15:45:30,058 - qiki.main - INFO - Simulation time: 0.02s, dt: 0.00135s
2025-06-14 15:45:30,059 - qiki.main - INFO - Simulation time: 0.02s, dt: 0.00132s
2025-06-14 15:45:30,061 - qiki.main - INFO - Simulation time: 0.02s, dt: 0.00137s
2025-06-14 15:45:30,062 - qiki.main - INFO - Simulation time: 0.02s, dt: 0.00156s
2025-06-14 15:45:30,064 - qiki.main - INFO - Simulation time: 0.02s, dt: 0.00147s
2025-06-14 15:45:30,065 - qiki.main - INFO - Simulation time: 0.02s, dt: 0.00138s
2025-06-14 15:45:30,066 - qiki.main - INFO - Performed 1 physics updates
2025-06-14 15:45:30,067 - qiki.main - INFO - Simulation time: 0.03s, dt: 0.00244s
2025-06-14 15:45:30,069 - qiki.main - INFO - Simulation time: 0.03s, dt: 0.00137s
2025-06-14 15:45:30,070 - qiki.main - INFO - Simulation time: 0.03s, dt: 0.00137s
2025-06-14 15:45:30,072 - qiki.main - INFO - Simulation time: 0.03s, dt: 0.00143s
2025-06-14 15:45:30,073 - qiki.main - INFO - Simulation time: 0.03s, dt: 0.00141s
2025-06-14 15:45:30,074 - qiki.main - INFO - Simulation time: 0.03s, dt: 0.00138s
2025-06-14 15:45:30,076 - qiki.main - INFO - Simulation time: 0.03s, dt: 0.00144s
2025-06-14 15:45:30,077 - qiki.main - INFO - Simulation time: 0.03s, dt: 0.00135s
2025-06-14 15:45:30,079 - qiki.main - INFO - Simulation time: 0.03s, dt: 0.00133s
2025-06-14 15:45:30,080 - qiki.main - INFO - Simulation time: 0.03s, dt: 0.00130s
2025-06-14 15:45:30,081 - qiki.main - INFO - Simulation time: 0.03s, dt: 0.00135s
2025-06-14 15:45:30,083 - qiki.main - INFO - Simulation time: 0.03s, dt: 0.00140s
2025-06-14 15:45:30,083 - qiki.main - INFO - Performed 1 physics updates
2025-06-14 15:45:30,085 - qiki.main - INFO - Simulation time: 0.05s, dt: 0.00209s
2025-06-14 15:45:30,086 - qiki.main - INFO - Simulation time: 0.05s, dt: 0.00143s
2025-06-14 15:45:30,087 - qiki.main - INFO - Simulation time: 0.05s, dt: 0.00142s
2025-06-14 15:45:30,089 - qiki.main - INFO - Simulation time: 0.05s, dt: 0.00140s
2025-06-14 15:45:30,090 - qiki.main - INFO - Simulation time: 0.05s, dt: 0.00134s
2025-06-14 15:45:30,092 - qiki.main - INFO - Simulation time: 0.05s, dt: 0.00139s
2025-06-14 15:45:30,093 - qiki.main - INFO - Simulation time: 0.05s, dt: 0.00142s
2025-06-14 15:45:30,094 - qiki.main - INFO - Simulation time: 0.05s, dt: 0.00139s
2025-06-14 15:45:30,096 - qiki.main - INFO - Simulation time: 0.05s, dt: 0.00136s
2025-06-14 15:45:30,097 - qiki.main - INFO - Simulation time: 0.05s, dt: 0.00142s
2025-06-14 15:45:30,099 - qiki.main - INFO - Simulation time: 0.05s, dt: 0.00136s
2025-06-14 15:45:30,099 - qiki.main - INFO - Performed 1 physics updates
2025-06-14 15:45:30,101 - qiki.main - INFO - Simulation time: 0.07s, dt: 0.00242s
2025-06-14 15:45:30,102 - qiki.main - INFO - Simulation time: 0.07s, dt: 0.00138s
2025-06-14 15:45:30,104 - qiki.main - INFO - Simulation time: 0.07s, dt: 0.00137s
2025-06-14 15:45:30,104 - qiki.main - INFO - Debug: Exiting main loop after 50 iterations
2025-06-14 15:45:30,104 - qiki.main - INFO - QIKI Simulation main loop finished at time 0.07s.
2025-06-14 15:45:30,104 - qiki.main - INFO - Initiating graceful shutdown of QIKI Simulation...
2025-06-14 15:45:30,104 - qiki.main - INFO - Cancelling simulation main loop task...
2025-06-14 15:45:30,105 - qiki.main - INFO - Simulation main loop task cancelled successfully.
2025-06-14 15:45:30,105 - qiki.main - INFO - Stopping QikOS...
2025-06-14 15:45:30,105 - qiki.qik_os - WARNING - QikOS is not running.
2025-06-14 15:45:30,105 - qiki.main - INFO - Closing display...
2025-06-14 15:45:30,105 - qiki.display_manager - INFO - Display manager stopped
2025-06-14 15:45:30,105 - qiki.qiki_display_adapter - INFO - Display adapter closed
2025-06-14 15:45:30,105 - qiki.main - INFO - Stopping bot control...
2025-06-14 15:45:30,105 - qiki.bot_controller - INFO - BotController stopped
2025-06-14 15:45:30,105 - qiki.qiki_bot_control - INFO - Bot control integration stopped
2025-06-14 15:45:30,106 - qiki.main - INFO - Finalizing analyzer data...
2025-06-14 15:45:30,106 - qiki.analyzer - INFO - Session statistics calculated.
2025-06-14 15:45:30,106 - qiki.analyzer - INFO - Session data and report saved to data/session_20250614_154530.json
2025-06-14 15:45:30,107 - qiki.main - INFO - QIKI Simulation shutdown complete with exit code 0.
2025-06-14 15:45:30,107 - qiki.main - INFO - Tasks completed: 1, pending: 2
2025-06-14 15:45:30,107 - qiki.main - INFO - Task result: None
