2025-06-15 05:18:49,820 - qiki - INFO - Central QIKI Logger initialized to level INFO. Log file: logs/qiki_20250615_051849.log
2025-06-15 05:18:49,820 - qiki.physics - INFO - SciPy Rotation available. Full rotational physics enabled.
2025-06-15 05:18:49,838 - qiki.qiki_clean - INFO - 🚀 Starting QIKI Clean Simulation...
2025-06-15 05:18:49,839 - qiki.physics.qiki_bot - INFO - PhysicsObject 'qiki_bot' initialized with mass 10.0 kg, inertia 1.0 kg*m^2
2025-06-15 05:18:49,839 - qiki.agent - INFO - Async Agent initialized with event system and command queue
2025-06-15 05:18:49,839 - qiki.structural_sensors - INFO - StructuralSensors initialized.
2025-06-15 05:18:49,839 - qiki.frame_core - INFO - FrameCore 'QIKI_FrameCore' initialized with base mass 5.00 kg.
2025-06-15 05:18:49,839 - qiki.power_sensors - INFO - PowerSensors initialized.
2025-06-15 05:18:49,840 - qiki.power_systems - INFO - QIKI_PowerSystems initialized. Main Battery: 10000.0Wh, Reserve Battery: 2000.0Wh.
2025-06-15 05:18:49,840 - qiki.thermal_system - INFO - QIKI_ThermalSystem initialized. Initial Core Temp: 20.0°C, Initial Radiator Temp: 10.0°C.
2025-06-15 05:18:49,840 - qiki.sensors - INFO - Async Sensors initialized with all subsystems
2025-06-15 05:18:49,840 - qiki.environment - INFO - Async Environment initialized with gravity [0.0, 0.0, -9.81] and bounds {'x': (-100.0, 100.0), 'y': (-100.0, 100.0), 'z': (-100.0, 100.0)}, bot radius 0.5m.
2025-06-15 05:18:49,841 - qiki.qik_os.kernel - INFO - QikOS Kernel initialized.
2025-06-15 05:18:49,841 - qiki.qik_os.shell - INFO - QikOS Shell initialized.
2025-06-15 05:18:49,841 - qiki.qik_os - INFO - QikOS initialized.
2025-06-15 05:18:49,841 - qiki.analyzer - INFO - Analyzer initialized. Session file: data/session_20250615_051849.json
2025-06-15 05:18:49,842 - qiki.display_manager - INFO - DisplayManager initialized in STANDARD mode
2025-06-15 05:18:49,842 - qiki.qiki_display_adapter - INFO - QikiDisplayAdapter initialized
2025-06-15 05:18:49,842 - qiki.qiki_clean - INFO - ✅ Display adapter initialized
2025-06-15 05:18:49,842 - qiki.bot_controller - INFO - BotController initialized
2025-06-15 05:18:49,842 - qiki.qiki_bot_control - INFO - QikiBotControlIntegration initialized
2025-06-15 05:18:49,843 - qiki.qiki_clean - INFO - ✅ Bot control initialized
2025-06-15 05:18:49,843 - qiki.qiki_clean - INFO - 🎬 Starting simulation...
2025-06-15 05:18:49,843 - qiki.input_handler - INFO - Input handler started
2025-06-15 05:18:49,852 - qiki.display_manager - INFO - Display manager started
2025-06-15 05:18:49,853 - qiki.qiki_display_adapter - INFO - Display adapter started
2025-06-15 05:18:49,854 - qiki.bot_controller - INFO - Platform detected: Desktop
2025-06-15 05:18:49,854 - qiki.bot_controller - INFO - Added interface: TextInterface
2025-06-15 05:18:49,855 - qiki.bot_controller - INFO - Added interface: KeyboardInterface
2025-06-15 05:18:49,855 - qiki.text_interface - INFO - Text interface started
2025-06-15 05:18:49,858 - qiki.keyboard_interface - INFO - Keyboard interface started
2025-06-15 05:18:49,858 - qiki.bot_controller - INFO - BotController started with 2 active interfaces
2025-06-15 05:18:49,859 - qiki.qiki_bot_control - INFO - Bot control system started
2025-06-15 05:18:49,859 - qiki.qiki_clean - INFO - 🔄 Main loop started
2025-06-15 05:18:49,876 - qiki.qiki_clean - ERROR - ❌ Simulation error: unsupported operand type(s) for *: 'State' and 'State'
2025-06-15 05:18:49,876 - qiki.qiki_clean - INFO - 🧹 Cleaning up...
2025-06-15 05:18:49,877 - qiki.display_manager - INFO - Display manager stopped
2025-06-15 05:18:49,877 - qiki.qiki_display_adapter - INFO - Display adapter closed
2025-06-15 05:18:49,877 - qiki.bot_controller - INFO - BotController stopped
2025-06-15 05:18:49,877 - qiki.qiki_bot_control - INFO - Bot control integration stopped
2025-06-15 05:18:49,877 - qiki.qiki_clean - INFO - ✅ Cleanup completed
